2023-07-25T05:11:58.219Z [Modules] Modules initializing
2023-07-25T05:11:58.220Z [Modules] Distribution: remote
2023-07-25T05:11:58.220Z [Modules] Host updates: enabled
2023-07-25T05:11:58.220Z [Modules] Module updates: enabled
2023-07-25T05:11:58.220Z [Modules] Module install path: /home/jerbot/.config/discord/0.0.28/modules
2023-07-25T05:11:58.220Z [Modules] Module installed file path: /home/jerbot/.config/discord/0.0.28/modules/installed.json
2023-07-25T05:11:58.220Z [Modules] Module download path: /home/jerbot/.config/discord/0.0.28/modules/pending
2023-07-25T05:11:58.360Z [Modules] Bootstrapping...
2023-07-25T05:11:58.361Z [Modules] Installing discord_desktop_core@0 from /opt/discord/resources/bootstrap/discord_desktop_core.zip
2023-07-25T05:11:58.362Z [Modules] Failed installing discord_desktop_core@0: Error: ENOENT: no such file or directory, open '/opt/discord/resources/bootstrap/discord_desktop_core.zip'
2023-07-25T05:11:58.362Z [Modules] Installing discord_erlpack@0 from /opt/discord/resources/bootstrap/discord_erlpack.zip
2023-07-25T05:11:58.362Z [Modules] Failed installing discord_erlpack@0: Error: ENOENT: no such file or directory, open '/opt/discord/resources/bootstrap/discord_erlpack.zip'
2023-07-25T05:11:58.363Z [Modules] Installing discord_spellcheck@0 from /opt/discord/resources/bootstrap/discord_spellcheck.zip
2023-07-25T05:11:58.363Z [Modules] Failed installing discord_spellcheck@0: Error: ENOENT: no such file or directory, open '/opt/discord/resources/bootstrap/discord_spellcheck.zip'
2023-07-25T05:11:58.363Z [Modules] Installing discord_utils@0 from /opt/discord/resources/bootstrap/discord_utils.zip
2023-07-25T05:11:58.364Z [Modules] Failed installing discord_utils@0: Error: ENOENT: no such file or directory, open '/opt/discord/resources/bootstrap/discord_utils.zip'
2023-07-25T05:11:58.364Z [Modules] Installing discord_voice@0 from /opt/discord/resources/bootstrap/discord_voice.zip
2023-07-25T05:11:58.364Z [Modules] Failed installing discord_voice@0: Error: ENOENT: no such file or directory, open '/opt/discord/resources/bootstrap/discord_voice.zip'
2023-07-25T05:11:58.364Z [Modules] Finished module installations. [success: 0] [failure: 5]
2023-07-25T05:11:58.364Z [Modules] Checking for host updates.
2023-07-25T05:11:58.493Z [Modules] Host is up to date.
2023-07-25T05:11:58.494Z [Modules] Checking for module updates at https://discord.com/api/modules/stable/versions.json
2023-07-25T05:11:58.548Z [Modules] Module update available: discord_desktop_core@1 [installed: 0]
2023-07-25T05:11:58.548Z [Modules] Module update available: discord_erlpack@1 [installed: 0]
2023-07-25T05:11:58.548Z [Modules] Module update available: discord_spellcheck@1 [installed: 0]
2023-07-25T05:11:58.549Z [Modules] Module update available: discord_utils@1 [installed: 0]
2023-07-25T05:11:58.549Z [Modules] Module update available: discord_voice@1 [installed: 0]
2023-07-25T05:11:58.550Z [Modules] Fetching discord_desktop_core@1 from https://discord.com/api/modules/stable/discord_desktop_core/1
2023-07-25T05:11:58.551Z [Modules] Streaming discord_desktop_core@1 to /home/jerbot/.config/discord/0.0.28/modules/pending/discord_desktop_core-1.zip
2023-07-25T05:11:58.701Z [Modules] Streaming discord_desktop_core@1 to /home/jerbot/.config/discord/0.0.28/modules/pending/discord_desktop_core-1.zip: 2%
2023-07-25T05:11:58.712Z [Modules] Streaming discord_desktop_core@1 to /home/jerbot/.config/discord/0.0.28/modules/pending/discord_desktop_core-1.zip: 5%
2023-07-25T05:11:58.714Z [Modules] Streaming discord_desktop_core@1 to /home/jerbot/.config/discord/0.0.28/modules/pending/discord_desktop_core-1.zip: 6%
2023-07-25T05:11:58.718Z [Modules] Streaming discord_desktop_core@1 to /home/jerbot/.config/discord/0.0.28/modules/pending/discord_desktop_core-1.zip: 9%
2023-07-25T05:11:58.721Z [Modules] Streaming discord_desktop_core@1 to /home/jerbot/.config/discord/0.0.28/modules/pending/discord_desktop_core-1.zip: 10%
2023-07-25T05:11:58.723Z [Modules] Streaming discord_desktop_core@1 to /home/jerbot/.config/discord/0.0.28/modules/pending/discord_desktop_core-1.zip: 13%
2023-07-25T05:11:58.725Z [Modules] Streaming discord_desktop_core@1 to /home/jerbot/.config/discord/0.0.28/modules/pending/discord_desktop_core-1.zip: 17%
2023-07-25T05:11:58.728Z [Modules] Streaming discord_desktop_core@1 to /home/jerbot/.config/discord/0.0.28/modules/pending/discord_desktop_core-1.zip: 20%
2023-07-25T05:11:58.730Z [Modules] Streaming discord_desktop_core@1 to /home/jerbot/.config/discord/0.0.28/modules/pending/discord_desktop_core-1.zip: 24%
2023-07-25T05:11:58.731Z [Modules] Streaming discord_desktop_core@1 to /home/jerbot/.config/discord/0.0.28/modules/pending/discord_desktop_core-1.zip: 27%
2023-07-25T05:11:58.733Z [Modules] Streaming discord_desktop_core@1 to /home/jerbot/.config/discord/0.0.28/modules/pending/discord_desktop_core-1.zip: 30%
2023-07-25T05:11:58.733Z [Modules] Streaming discord_desktop_core@1 to /home/jerbot/.config/discord/0.0.28/modules/pending/discord_desktop_core-1.zip: 31%
2023-07-25T05:11:58.735Z [Modules] Streaming discord_desktop_core@1 to /home/jerbot/.config/discord/0.0.28/modules/pending/discord_desktop_core-1.zip: 34%
2023-07-25T05:11:58.735Z [Modules] Streaming discord_desktop_core@1 to /home/jerbot/.config/discord/0.0.28/modules/pending/discord_desktop_core-1.zip: 37%
2023-07-25T05:11:58.736Z [Modules] Streaming discord_desktop_core@1 to /home/jerbot/.config/discord/0.0.28/modules/pending/discord_desktop_core-1.zip: 38%
2023-07-25T05:11:58.737Z [Modules] Streaming discord_desktop_core@1 to /home/jerbot/.config/discord/0.0.28/modules/pending/discord_desktop_core-1.zip: 41%
2023-07-25T05:11:58.738Z [Modules] Streaming discord_desktop_core@1 to /home/jerbot/.config/discord/0.0.28/modules/pending/discord_desktop_core-1.zip: 44%
2023-07-25T05:11:58.739Z [Modules] Streaming discord_desktop_core@1 to /home/jerbot/.config/discord/0.0.28/modules/pending/discord_desktop_core-1.zip: 47%
2023-07-25T05:11:58.740Z [Modules] Streaming discord_desktop_core@1 to /home/jerbot/.config/discord/0.0.28/modules/pending/discord_desktop_core-1.zip: 50%
2023-07-25T05:11:58.740Z [Modules] Streaming discord_desktop_core@1 to /home/jerbot/.config/discord/0.0.28/modules/pending/discord_desktop_core-1.zip: 53%
2023-07-25T05:11:58.741Z [Modules] Streaming discord_desktop_core@1 to /home/jerbot/.config/discord/0.0.28/modules/pending/discord_desktop_core-1.zip: 56%
2023-07-25T05:11:58.741Z [Modules] Streaming discord_desktop_core@1 to /home/jerbot/.config/discord/0.0.28/modules/pending/discord_desktop_core-1.zip: 59%
2023-07-25T05:11:58.742Z [Modules] Streaming discord_desktop_core@1 to /home/jerbot/.config/discord/0.0.28/modules/pending/discord_desktop_core-1.zip: 62%
2023-07-25T05:11:58.744Z [Modules] Streaming discord_desktop_core@1 to /home/jerbot/.config/discord/0.0.28/modules/pending/discord_desktop_core-1.zip: 65%
2023-07-25T05:11:58.746Z [Modules] Streaming discord_desktop_core@1 to /home/jerbot/.config/discord/0.0.28/modules/pending/discord_desktop_core-1.zip: 68%
2023-07-25T05:11:58.746Z [Modules] Streaming discord_desktop_core@1 to /home/jerbot/.config/discord/0.0.28/modules/pending/discord_desktop_core-1.zip: 71%
2023-07-25T05:11:58.747Z [Modules] Streaming discord_desktop_core@1 to /home/jerbot/.config/discord/0.0.28/modules/pending/discord_desktop_core-1.zip: 74%
2023-07-25T05:11:58.748Z [Modules] Streaming discord_desktop_core@1 to /home/jerbot/.config/discord/0.0.28/modules/pending/discord_desktop_core-1.zip: 77%
2023-07-25T05:11:58.748Z [Modules] Streaming discord_desktop_core@1 to /home/jerbot/.config/discord/0.0.28/modules/pending/discord_desktop_core-1.zip: 80%
2023-07-25T05:11:58.749Z [Modules] Streaming discord_desktop_core@1 to /home/jerbot/.config/discord/0.0.28/modules/pending/discord_desktop_core-1.zip: 83%
2023-07-25T05:11:58.749Z [Modules] Streaming discord_desktop_core@1 to /home/jerbot/.config/discord/0.0.28/modules/pending/discord_desktop_core-1.zip: 84%
2023-07-25T05:11:58.758Z [Modules] Streaming discord_desktop_core@1 to /home/jerbot/.config/discord/0.0.28/modules/pending/discord_desktop_core-1.zip: 87%
2023-07-25T05:11:58.759Z [Modules] Streaming discord_desktop_core@1 to /home/jerbot/.config/discord/0.0.28/modules/pending/discord_desktop_core-1.zip: 90%
2023-07-25T05:11:58.759Z [Modules] Streaming discord_desktop_core@1 to /home/jerbot/.config/discord/0.0.28/modules/pending/discord_desktop_core-1.zip: 94%
2023-07-25T05:11:58.760Z [Modules] Streaming discord_desktop_core@1 to /home/jerbot/.config/discord/0.0.28/modules/pending/discord_desktop_core-1.zip: 99%
2023-07-25T05:11:58.760Z [Modules] Streaming discord_desktop_core@1 to /home/jerbot/.config/discord/0.0.28/modules/pending/discord_desktop_core-1.zip: 100%
2023-07-25T05:11:58.761Z [Modules] Fetching discord_erlpack@1 from https://discord.com/api/modules/stable/discord_erlpack/1
2023-07-25T05:11:58.762Z [Modules] Streaming discord_erlpack@1 to /home/jerbot/.config/discord/0.0.28/modules/pending/discord_erlpack-1.zip
2023-07-25T05:11:58.859Z [Modules] Streaming discord_erlpack@1 to /home/jerbot/.config/discord/0.0.28/modules/pending/discord_erlpack-1.zip: 3%
2023-07-25T05:11:58.861Z [Modules] Streaming discord_erlpack@1 to /home/jerbot/.config/discord/0.0.28/modules/pending/discord_erlpack-1.zip: 10%
2023-07-25T05:11:58.869Z [Modules] Streaming discord_erlpack@1 to /home/jerbot/.config/discord/0.0.28/modules/pending/discord_erlpack-1.zip: 14%
2023-07-25T05:11:58.870Z [Modules] Streaming discord_erlpack@1 to /home/jerbot/.config/discord/0.0.28/modules/pending/discord_erlpack-1.zip: 20%
2023-07-25T05:11:58.872Z [Modules] Streaming discord_erlpack@1 to /home/jerbot/.config/discord/0.0.28/modules/pending/discord_erlpack-1.zip: 27%
2023-07-25T05:11:58.873Z [Modules] Streaming discord_erlpack@1 to /home/jerbot/.config/discord/0.0.28/modules/pending/discord_erlpack-1.zip: 35%
2023-07-25T05:11:58.874Z [Modules] Streaming discord_erlpack@1 to /home/jerbot/.config/discord/0.0.28/modules/pending/discord_erlpack-1.zip: 39%
2023-07-25T05:11:58.875Z [Modules] Streaming discord_erlpack@1 to /home/jerbot/.config/discord/0.0.28/modules/pending/discord_erlpack-1.zip: 43%
2023-07-25T05:11:58.876Z [Modules] Streaming discord_erlpack@1 to /home/jerbot/.config/discord/0.0.28/modules/pending/discord_erlpack-1.zip: 51%
2023-07-25T05:11:58.877Z [Modules] Streaming discord_erlpack@1 to /home/jerbot/.config/discord/0.0.28/modules/pending/discord_erlpack-1.zip: 59%
2023-07-25T05:11:58.877Z [Modules] Streaming discord_erlpack@1 to /home/jerbot/.config/discord/0.0.28/modules/pending/discord_erlpack-1.zip: 63%
2023-07-25T05:11:58.878Z [Modules] Streaming discord_erlpack@1 to /home/jerbot/.config/discord/0.0.28/modules/pending/discord_erlpack-1.zip: 74%
2023-07-25T05:11:58.879Z [Modules] Streaming discord_erlpack@1 to /home/jerbot/.config/discord/0.0.28/modules/pending/discord_erlpack-1.zip: 86%
2023-07-25T05:11:58.880Z [Modules] Streaming discord_erlpack@1 to /home/jerbot/.config/discord/0.0.28/modules/pending/discord_erlpack-1.zip: 98%
2023-07-25T05:11:58.880Z [Modules] Streaming discord_erlpack@1 to /home/jerbot/.config/discord/0.0.28/modules/pending/discord_erlpack-1.zip: 100%
2023-07-25T05:11:58.881Z [Modules] Fetching discord_spellcheck@1 from https://discord.com/api/modules/stable/discord_spellcheck/1
2023-07-25T05:11:58.881Z [Modules] Streaming discord_spellcheck@1 to /home/jerbot/.config/discord/0.0.28/modules/pending/discord_spellcheck-1.zip
2023-07-25T05:11:58.971Z [Modules] Streaming discord_spellcheck@1 to /home/jerbot/.config/discord/0.0.28/modules/pending/discord_spellcheck-1.zip: 1%
2023-07-25T05:11:58.972Z [Modules] Streaming discord_spellcheck@1 to /home/jerbot/.config/discord/0.0.28/modules/pending/discord_spellcheck-1.zip: 2%
2023-07-25T05:11:58.979Z [Modules] Streaming discord_spellcheck@1 to /home/jerbot/.config/discord/0.0.28/modules/pending/discord_spellcheck-1.zip: 3%
2023-07-25T05:11:58.981Z [Modules] Streaming discord_spellcheck@1 to /home/jerbot/.config/discord/0.0.28/modules/pending/discord_spellcheck-1.zip: 4%
2023-07-25T05:11:58.983Z [Modules] Streaming discord_spellcheck@1 to /home/jerbot/.config/discord/0.0.28/modules/pending/discord_spellcheck-1.zip: 5%
2023-07-25T05:11:58.988Z [Modules] Streaming discord_spellcheck@1 to /home/jerbot/.config/discord/0.0.28/modules/pending/discord_spellcheck-1.zip: 7%
2023-07-25T05:11:58.990Z [Modules] Streaming discord_spellcheck@1 to /home/jerbot/.config/discord/0.0.28/modules/pending/discord_spellcheck-1.zip: 9%
2023-07-25T05:11:58.992Z [Modules] Streaming discord_spellcheck@1 to /home/jerbot/.config/discord/0.0.28/modules/pending/discord_spellcheck-1.zip: 11%
2023-07-25T05:11:58.994Z [Modules] Streaming discord_spellcheck@1 to /home/jerbot/.config/discord/0.0.28/modules/pending/discord_spellcheck-1.zip: 12%
2023-07-25T05:11:58.995Z [Modules] Streaming discord_spellcheck@1 to /home/jerbot/.config/discord/0.0.28/modules/pending/discord_spellcheck-1.zip: 13%
2023-07-25T05:11:58.997Z [Modules] Streaming discord_spellcheck@1 to /home/jerbot/.config/discord/0.0.28/modules/pending/discord_spellcheck-1.zip: 15%
2023-07-25T05:11:58.998Z [Modules] Streaming discord_spellcheck@1 to /home/jerbot/.config/discord/0.0.28/modules/pending/discord_spellcheck-1.zip: 16%
2023-07-25T05:11:59.000Z [Modules] Streaming discord_spellcheck@1 to /home/jerbot/.config/discord/0.0.28/modules/pending/discord_spellcheck-1.zip: 17%
2023-07-25T05:11:59.002Z [Modules] Streaming discord_spellcheck@1 to /home/jerbot/.config/discord/0.0.28/modules/pending/discord_spellcheck-1.zip: 18%
2023-07-25T05:11:59.003Z [Modules] Streaming discord_spellcheck@1 to /home/jerbot/.config/discord/0.0.28/modules/pending/discord_spellcheck-1.zip: 19%
2023-07-25T05:11:59.008Z [Modules] Streaming discord_spellcheck@1 to /home/jerbot/.config/discord/0.0.28/modules/pending/discord_spellcheck-1.zip: 20%
2023-07-25T05:11:59.011Z [Modules] Streaming discord_spellcheck@1 to /home/jerbot/.config/discord/0.0.28/modules/pending/discord_spellcheck-1.zip: 21%
2023-07-25T05:11:59.020Z [Modules] Streaming discord_spellcheck@1 to /home/jerbot/.config/discord/0.0.28/modules/pending/discord_spellcheck-1.zip: 22%
2023-07-25T05:11:59.022Z [Modules] Streaming discord_spellcheck@1 to /home/jerbot/.config/discord/0.0.28/modules/pending/discord_spellcheck-1.zip: 23%
2023-07-25T05:11:59.024Z [Modules] Streaming discord_spellcheck@1 to /home/jerbot/.config/discord/0.0.28/modules/pending/discord_spellcheck-1.zip: 25%
2023-07-25T05:11:59.027Z [Modules] Streaming discord_spellcheck@1 to /home/jerbot/.config/discord/0.0.28/modules/pending/discord_spellcheck-1.zip: 27%
2023-07-25T05:11:59.031Z [Modules] Streaming discord_spellcheck@1 to /home/jerbot/.config/discord/0.0.28/modules/pending/discord_spellcheck-1.zip: 30%
2023-07-25T05:11:59.036Z [Modules] Streaming discord_spellcheck@1 to /home/jerbot/.config/discord/0.0.28/modules/pending/discord_spellcheck-1.zip: 32%
2023-07-25T05:11:59.041Z [Modules] Streaming discord_spellcheck@1 to /home/jerbot/.config/discord/0.0.28/modules/pending/discord_spellcheck-1.zip: 36%
2023-07-25T05:11:59.043Z [Modules] Streaming discord_spellcheck@1 to /home/jerbot/.config/discord/0.0.28/modules/pending/discord_spellcheck-1.zip: 38%
2023-07-25T05:11:59.047Z [Modules] Streaming discord_spellcheck@1 to /home/jerbot/.config/discord/0.0.28/modules/pending/discord_spellcheck-1.zip: 39%
2023-07-25T05:11:59.051Z [Modules] Streaming discord_spellcheck@1 to /home/jerbot/.config/discord/0.0.28/modules/pending/discord_spellcheck-1.zip: 41%
2023-07-25T05:11:59.055Z [Modules] Streaming discord_spellcheck@1 to /home/jerbot/.config/discord/0.0.28/modules/pending/discord_spellcheck-1.zip: 45%
2023-07-25T05:11:59.058Z [Modules] Streaming discord_spellcheck@1 to /home/jerbot/.config/discord/0.0.28/modules/pending/discord_spellcheck-1.zip: 47%
2023-07-25T05:11:59.062Z [Modules] Streaming discord_spellcheck@1 to /home/jerbot/.config/discord/0.0.28/modules/pending/discord_spellcheck-1.zip: 48%
2023-07-25T05:11:59.064Z [Modules] Streaming discord_spellcheck@1 to /home/jerbot/.config/discord/0.0.28/modules/pending/discord_spellcheck-1.zip: 50%
2023-07-25T05:11:59.066Z [Modules] Streaming discord_spellcheck@1 to /home/jerbot/.config/discord/0.0.28/modules/pending/discord_spellcheck-1.zip: 51%
2023-07-25T05:11:59.067Z [Modules] Streaming discord_spellcheck@1 to /home/jerbot/.config/discord/0.0.28/modules/pending/discord_spellcheck-1.zip: 52%
2023-07-25T05:11:59.068Z [Modules] Streaming discord_spellcheck@1 to /home/jerbot/.config/discord/0.0.28/modules/pending/discord_spellcheck-1.zip: 53%
2023-07-25T05:11:59.070Z [Modules] Streaming discord_spellcheck@1 to /home/jerbot/.config/discord/0.0.28/modules/pending/discord_spellcheck-1.zip: 54%
2023-07-25T05:11:59.071Z [Modules] Streaming discord_spellcheck@1 to /home/jerbot/.config/discord/0.0.28/modules/pending/discord_spellcheck-1.zip: 55%
2023-07-25T05:11:59.073Z [Modules] Streaming discord_spellcheck@1 to /home/jerbot/.config/discord/0.0.28/modules/pending/discord_spellcheck-1.zip: 56%
2023-07-25T05:11:59.074Z [Modules] Streaming discord_spellcheck@1 to /home/jerbot/.config/discord/0.0.28/modules/pending/discord_spellcheck-1.zip: 57%
2023-07-25T05:11:59.076Z [Modules] Streaming discord_spellcheck@1 to /home/jerbot/.config/discord/0.0.28/modules/pending/discord_spellcheck-1.zip: 58%
2023-07-25T05:11:59.076Z [Modules] Streaming discord_spellcheck@1 to /home/jerbot/.config/discord/0.0.28/modules/pending/discord_spellcheck-1.zip: 59%
2023-07-25T05:11:59.077Z [Modules] Streaming discord_spellcheck@1 to /home/jerbot/.config/discord/0.0.28/modules/pending/discord_spellcheck-1.zip: 60%
2023-07-25T05:11:59.078Z [Modules] Streaming discord_spellcheck@1 to /home/jerbot/.config/discord/0.0.28/modules/pending/discord_spellcheck-1.zip: 61%
2023-07-25T05:11:59.079Z [Modules] Streaming discord_spellcheck@1 to /home/jerbot/.config/discord/0.0.28/modules/pending/discord_spellcheck-1.zip: 62%
2023-07-25T05:11:59.080Z [Modules] Streaming discord_spellcheck@1 to /home/jerbot/.config/discord/0.0.28/modules/pending/discord_spellcheck-1.zip: 63%
2023-07-25T05:11:59.081Z [Modules] Streaming discord_spellcheck@1 to /home/jerbot/.config/discord/0.0.28/modules/pending/discord_spellcheck-1.zip: 64%
2023-07-25T05:11:59.082Z [Modules] Streaming discord_spellcheck@1 to /home/jerbot/.config/discord/0.0.28/modules/pending/discord_spellcheck-1.zip: 65%
2023-07-25T05:11:59.083Z [Modules] Streaming discord_spellcheck@1 to /home/jerbot/.config/discord/0.0.28/modules/pending/discord_spellcheck-1.zip: 67%
2023-07-25T05:11:59.084Z [Modules] Streaming discord_spellcheck@1 to /home/jerbot/.config/discord/0.0.28/modules/pending/discord_spellcheck-1.zip: 69%
2023-07-25T05:11:59.085Z [Modules] Streaming discord_spellcheck@1 to /home/jerbot/.config/discord/0.0.28/modules/pending/discord_spellcheck-1.zip: 70%
2023-07-25T05:11:59.085Z [Modules] Streaming discord_spellcheck@1 to /home/jerbot/.config/discord/0.0.28/modules/pending/discord_spellcheck-1.zip: 71%
2023-07-25T05:11:59.086Z [Modules] Streaming discord_spellcheck@1 to /home/jerbot/.config/discord/0.0.28/modules/pending/discord_spellcheck-1.zip: 72%
2023-07-25T05:11:59.087Z [Modules] Streaming discord_spellcheck@1 to /home/jerbot/.config/discord/0.0.28/modules/pending/discord_spellcheck-1.zip: 73%
2023-07-25T05:11:59.088Z [Modules] Streaming discord_spellcheck@1 to /home/jerbot/.config/discord/0.0.28/modules/pending/discord_spellcheck-1.zip: 74%
2023-07-25T05:11:59.088Z [Modules] Streaming discord_spellcheck@1 to /home/jerbot/.config/discord/0.0.28/modules/pending/discord_spellcheck-1.zip: 75%
2023-07-25T05:11:59.089Z [Modules] Streaming discord_spellcheck@1 to /home/jerbot/.config/discord/0.0.28/modules/pending/discord_spellcheck-1.zip: 76%
2023-07-25T05:11:59.090Z [Modules] Streaming discord_spellcheck@1 to /home/jerbot/.config/discord/0.0.28/modules/pending/discord_spellcheck-1.zip: 77%
2023-07-25T05:11:59.090Z [Modules] Streaming discord_spellcheck@1 to /home/jerbot/.config/discord/0.0.28/modules/pending/discord_spellcheck-1.zip: 78%
2023-07-25T05:11:59.091Z [Modules] Streaming discord_spellcheck@1 to /home/jerbot/.config/discord/0.0.28/modules/pending/discord_spellcheck-1.zip: 79%
2023-07-25T05:11:59.091Z [Modules] Streaming discord_spellcheck@1 to /home/jerbot/.config/discord/0.0.28/modules/pending/discord_spellcheck-1.zip: 80%
2023-07-25T05:11:59.092Z [Modules] Streaming discord_spellcheck@1 to /home/jerbot/.config/discord/0.0.28/modules/pending/discord_spellcheck-1.zip: 82%
2023-07-25T05:11:59.093Z [Modules] Streaming discord_spellcheck@1 to /home/jerbot/.config/discord/0.0.28/modules/pending/discord_spellcheck-1.zip: 84%
2023-07-25T05:11:59.094Z [Modules] Streaming discord_spellcheck@1 to /home/jerbot/.config/discord/0.0.28/modules/pending/discord_spellcheck-1.zip: 85%
2023-07-25T05:11:59.101Z [Modules] Streaming discord_spellcheck@1 to /home/jerbot/.config/discord/0.0.28/modules/pending/discord_spellcheck-1.zip: 86%
2023-07-25T05:11:59.102Z [Modules] Streaming discord_spellcheck@1 to /home/jerbot/.config/discord/0.0.28/modules/pending/discord_spellcheck-1.zip: 87%
2023-07-25T05:11:59.102Z [Modules] Streaming discord_spellcheck@1 to /home/jerbot/.config/discord/0.0.28/modules/pending/discord_spellcheck-1.zip: 88%
2023-07-25T05:11:59.103Z [Modules] Streaming discord_spellcheck@1 to /home/jerbot/.config/discord/0.0.28/modules/pending/discord_spellcheck-1.zip: 89%
2023-07-25T05:11:59.103Z [Modules] Streaming discord_spellcheck@1 to /home/jerbot/.config/discord/0.0.28/modules/pending/discord_spellcheck-1.zip: 91%
2023-07-25T05:11:59.104Z [Modules] Streaming discord_spellcheck@1 to /home/jerbot/.config/discord/0.0.28/modules/pending/discord_spellcheck-1.zip: 92%
2023-07-25T05:11:59.105Z [Modules] Streaming discord_spellcheck@1 to /home/jerbot/.config/discord/0.0.28/modules/pending/discord_spellcheck-1.zip: 93%
2023-07-25T05:11:59.105Z [Modules] Streaming discord_spellcheck@1 to /home/jerbot/.config/discord/0.0.28/modules/pending/discord_spellcheck-1.zip: 94%
2023-07-25T05:11:59.106Z [Modules] Streaming discord_spellcheck@1 to /home/jerbot/.config/discord/0.0.28/modules/pending/discord_spellcheck-1.zip: 95%
2023-07-25T05:11:59.106Z [Modules] Streaming discord_spellcheck@1 to /home/jerbot/.config/discord/0.0.28/modules/pending/discord_spellcheck-1.zip: 96%
2023-07-25T05:11:59.107Z [Modules] Streaming discord_spellcheck@1 to /home/jerbot/.config/discord/0.0.28/modules/pending/discord_spellcheck-1.zip: 98%
2023-07-25T05:11:59.107Z [Modules] Streaming discord_spellcheck@1 to /home/jerbot/.config/discord/0.0.28/modules/pending/discord_spellcheck-1.zip: 100%
2023-07-25T05:11:59.108Z [Modules] Fetching discord_utils@1 from https://discord.com/api/modules/stable/discord_utils/1
2023-07-25T05:11:59.109Z [Modules] Streaming discord_utils@1 to /home/jerbot/.config/discord/0.0.28/modules/pending/discord_utils-1.zip
2023-07-25T05:11:59.197Z [Modules] Streaming discord_utils@1 to /home/jerbot/.config/discord/0.0.28/modules/pending/discord_utils-1.zip: 2%
2023-07-25T05:11:59.198Z [Modules] Streaming discord_utils@1 to /home/jerbot/.config/discord/0.0.28/modules/pending/discord_utils-1.zip: 4%
2023-07-25T05:11:59.199Z [Modules] Streaming discord_utils@1 to /home/jerbot/.config/discord/0.0.28/modules/pending/discord_utils-1.zip: 7%
2023-07-25T05:11:59.207Z [Modules] Streaming discord_utils@1 to /home/jerbot/.config/discord/0.0.28/modules/pending/discord_utils-1.zip: 8%
2023-07-25T05:11:59.226Z [Modules] Streaming discord_utils@1 to /home/jerbot/.config/discord/0.0.28/modules/pending/discord_utils-1.zip: 10%
2023-07-25T05:11:59.228Z [Modules] Streaming discord_utils@1 to /home/jerbot/.config/discord/0.0.28/modules/pending/discord_utils-1.zip: 13%
2023-07-25T05:11:59.230Z [Modules] Streaming discord_utils@1 to /home/jerbot/.config/discord/0.0.28/modules/pending/discord_utils-1.zip: 15%
2023-07-25T05:11:59.231Z [Modules] Streaming discord_utils@1 to /home/jerbot/.config/discord/0.0.28/modules/pending/discord_utils-1.zip: 17%
2023-07-25T05:11:59.233Z [Modules] Streaming discord_utils@1 to /home/jerbot/.config/discord/0.0.28/modules/pending/discord_utils-1.zip: 22%
2023-07-25T05:11:59.235Z [Modules] Streaming discord_utils@1 to /home/jerbot/.config/discord/0.0.28/modules/pending/discord_utils-1.zip: 26%
2023-07-25T05:11:59.237Z [Modules] Streaming discord_utils@1 to /home/jerbot/.config/discord/0.0.28/modules/pending/discord_utils-1.zip: 31%
2023-07-25T05:11:59.239Z [Modules] Streaming discord_utils@1 to /home/jerbot/.config/discord/0.0.28/modules/pending/discord_utils-1.zip: 33%
2023-07-25T05:11:59.240Z [Modules] Streaming discord_utils@1 to /home/jerbot/.config/discord/0.0.28/modules/pending/discord_utils-1.zip: 35%
2023-07-25T05:11:59.242Z [Modules] Streaming discord_utils@1 to /home/jerbot/.config/discord/0.0.28/modules/pending/discord_utils-1.zip: 39%
2023-07-25T05:11:59.244Z [Modules] Streaming discord_utils@1 to /home/jerbot/.config/discord/0.0.28/modules/pending/discord_utils-1.zip: 41%
2023-07-25T05:11:59.245Z [Modules] Streaming discord_utils@1 to /home/jerbot/.config/discord/0.0.28/modules/pending/discord_utils-1.zip: 44%
2023-07-25T05:11:59.247Z [Modules] Streaming discord_utils@1 to /home/jerbot/.config/discord/0.0.28/modules/pending/discord_utils-1.zip: 48%
2023-07-25T05:11:59.249Z [Modules] Streaming discord_utils@1 to /home/jerbot/.config/discord/0.0.28/modules/pending/discord_utils-1.zip: 50%
2023-07-25T05:11:59.250Z [Modules] Streaming discord_utils@1 to /home/jerbot/.config/discord/0.0.28/modules/pending/discord_utils-1.zip: 52%
2023-07-25T05:11:59.252Z [Modules] Streaming discord_utils@1 to /home/jerbot/.config/discord/0.0.28/modules/pending/discord_utils-1.zip: 54%
2023-07-25T05:11:59.254Z [Modules] Streaming discord_utils@1 to /home/jerbot/.config/discord/0.0.28/modules/pending/discord_utils-1.zip: 57%
2023-07-25T05:11:59.256Z [Modules] Streaming discord_utils@1 to /home/jerbot/.config/discord/0.0.28/modules/pending/discord_utils-1.zip: 59%
2023-07-25T05:11:59.260Z [Modules] Streaming discord_utils@1 to /home/jerbot/.config/discord/0.0.28/modules/pending/discord_utils-1.zip: 65%
2023-07-25T05:11:59.262Z [Modules] Streaming discord_utils@1 to /home/jerbot/.config/discord/0.0.28/modules/pending/discord_utils-1.zip: 68%
2023-07-25T05:11:59.264Z [Modules] Streaming discord_utils@1 to /home/jerbot/.config/discord/0.0.28/modules/pending/discord_utils-1.zip: 69%
2023-07-25T05:11:59.265Z [Modules] Streaming discord_utils@1 to /home/jerbot/.config/discord/0.0.28/modules/pending/discord_utils-1.zip: 74%
2023-07-25T05:11:59.268Z [Modules] Streaming discord_utils@1 to /home/jerbot/.config/discord/0.0.28/modules/pending/discord_utils-1.zip: 78%
2023-07-25T05:11:59.270Z [Modules] Streaming discord_utils@1 to /home/jerbot/.config/discord/0.0.28/modules/pending/discord_utils-1.zip: 82%
2023-07-25T05:11:59.273Z [Modules] Streaming discord_utils@1 to /home/jerbot/.config/discord/0.0.28/modules/pending/discord_utils-1.zip: 84%
2023-07-25T05:11:59.275Z [Modules] Streaming discord_utils@1 to /home/jerbot/.config/discord/0.0.28/modules/pending/discord_utils-1.zip: 87%
2023-07-25T05:11:59.277Z [Modules] Streaming discord_utils@1 to /home/jerbot/.config/discord/0.0.28/modules/pending/discord_utils-1.zip: 95%
2023-07-25T05:11:59.286Z [Modules] Streaming discord_utils@1 to /home/jerbot/.config/discord/0.0.28/modules/pending/discord_utils-1.zip: 100%
2023-07-25T05:11:59.294Z [Modules] Fetching discord_voice@1 from https://discord.com/api/modules/stable/discord_voice/1
2023-07-25T05:11:59.294Z [Modules] Streaming discord_voice@1 to /home/jerbot/.config/discord/0.0.28/modules/pending/discord_voice-1.zip
2023-07-25T05:11:59.393Z [Modules] Streaming discord_voice@1 to /home/jerbot/.config/discord/0.0.28/modules/pending/discord_voice-1.zip: 1%
2023-07-25T05:11:59.397Z [Modules] Streaming discord_voice@1 to /home/jerbot/.config/discord/0.0.28/modules/pending/discord_voice-1.zip: 2%
2023-07-25T05:11:59.399Z [Modules] Streaming discord_voice@1 to /home/jerbot/.config/discord/0.0.28/modules/pending/discord_voice-1.zip: 3%
2023-07-25T05:11:59.409Z [Modules] Streaming discord_voice@1 to /home/jerbot/.config/discord/0.0.28/modules/pending/discord_voice-1.zip: 4%
2023-07-25T05:11:59.412Z [Modules] Streaming discord_voice@1 to /home/jerbot/.config/discord/0.0.28/modules/pending/discord_voice-1.zip: 5%
2023-07-25T05:11:59.415Z [Modules] Streaming discord_voice@1 to /home/jerbot/.config/discord/0.0.28/modules/pending/discord_voice-1.zip: 6%
2023-07-25T05:11:59.419Z [Modules] Streaming discord_voice@1 to /home/jerbot/.config/discord/0.0.28/modules/pending/discord_voice-1.zip: 7%
2023-07-25T05:11:59.422Z [Modules] Streaming discord_voice@1 to /home/jerbot/.config/discord/0.0.28/modules/pending/discord_voice-1.zip: 8%
2023-07-25T05:11:59.426Z [Modules] Streaming discord_voice@1 to /home/jerbot/.config/discord/0.0.28/modules/pending/discord_voice-1.zip: 9%
2023-07-25T05:11:59.428Z [Modules] Streaming discord_voice@1 to /home/jerbot/.config/discord/0.0.28/modules/pending/discord_voice-1.zip: 10%
2023-07-25T05:11:59.432Z [Modules] Streaming discord_voice@1 to /home/jerbot/.config/discord/0.0.28/modules/pending/discord_voice-1.zip: 11%
2023-07-25T05:11:59.435Z [Modules] Streaming discord_voice@1 to /home/jerbot/.config/discord/0.0.28/modules/pending/discord_voice-1.zip: 12%
2023-07-25T05:11:59.438Z [Modules] Streaming discord_voice@1 to /home/jerbot/.config/discord/0.0.28/modules/pending/discord_voice-1.zip: 13%
2023-07-25T05:11:59.442Z [Modules] Streaming discord_voice@1 to /home/jerbot/.config/discord/0.0.28/modules/pending/discord_voice-1.zip: 14%
2023-07-25T05:11:59.444Z [Modules] Streaming discord_voice@1 to /home/jerbot/.config/discord/0.0.28/modules/pending/discord_voice-1.zip: 15%
2023-07-25T05:11:59.448Z [Modules] Streaming discord_voice@1 to /home/jerbot/.config/discord/0.0.28/modules/pending/discord_voice-1.zip: 16%
2023-07-25T05:11:59.451Z [Modules] Streaming discord_voice@1 to /home/jerbot/.config/discord/0.0.28/modules/pending/discord_voice-1.zip: 17%
2023-07-25T05:11:59.454Z [Modules] Streaming discord_voice@1 to /home/jerbot/.config/discord/0.0.28/modules/pending/discord_voice-1.zip: 18%
2023-07-25T05:11:59.458Z [Modules] Streaming discord_voice@1 to /home/jerbot/.config/discord/0.0.28/modules/pending/discord_voice-1.zip: 19%
2023-07-25T05:11:59.460Z [Modules] Streaming discord_voice@1 to /home/jerbot/.config/discord/0.0.28/modules/pending/discord_voice-1.zip: 20%
2023-07-25T05:11:59.463Z [Modules] Streaming discord_voice@1 to /home/jerbot/.config/discord/0.0.28/modules/pending/discord_voice-1.zip: 21%
2023-07-25T05:11:59.467Z [Modules] Streaming discord_voice@1 to /home/jerbot/.config/discord/0.0.28/modules/pending/discord_voice-1.zip: 22%
2023-07-25T05:11:59.471Z [Modules] Streaming discord_voice@1 to /home/jerbot/.config/discord/0.0.28/modules/pending/discord_voice-1.zip: 23%
2023-07-25T05:11:59.475Z [Modules] Streaming discord_voice@1 to /home/jerbot/.config/discord/0.0.28/modules/pending/discord_voice-1.zip: 24%
2023-07-25T05:11:59.476Z [Modules] Streaming discord_voice@1 to /home/jerbot/.config/discord/0.0.28/modules/pending/discord_voice-1.zip: 25%
2023-07-25T05:11:59.479Z [Modules] Streaming discord_voice@1 to /home/jerbot/.config/discord/0.0.28/modules/pending/discord_voice-1.zip: 26%
2023-07-25T05:11:59.482Z [Modules] Streaming discord_voice@1 to /home/jerbot/.config/discord/0.0.28/modules/pending/discord_voice-1.zip: 27%
2023-07-25T05:11:59.483Z [Modules] Streaming discord_voice@1 to /home/jerbot/.config/discord/0.0.28/modules/pending/discord_voice-1.zip: 28%
2023-07-25T05:11:59.487Z [Modules] Streaming discord_voice@1 to /home/jerbot/.config/discord/0.0.28/modules/pending/discord_voice-1.zip: 29%
2023-07-25T05:11:59.491Z [Modules] Streaming discord_voice@1 to /home/jerbot/.config/discord/0.0.28/modules/pending/discord_voice-1.zip: 30%
2023-07-25T05:11:59.497Z [Modules] Streaming discord_voice@1 to /home/jerbot/.config/discord/0.0.28/modules/pending/discord_voice-1.zip: 31%
2023-07-25T05:11:59.499Z [Modules] Streaming discord_voice@1 to /home/jerbot/.config/discord/0.0.28/modules/pending/discord_voice-1.zip: 32%
2023-07-25T05:11:59.503Z [Modules] Streaming discord_voice@1 to /home/jerbot/.config/discord/0.0.28/modules/pending/discord_voice-1.zip: 33%
2023-07-25T05:11:59.507Z [Modules] Streaming discord_voice@1 to /home/jerbot/.config/discord/0.0.28/modules/pending/discord_voice-1.zip: 34%
2023-07-25T05:11:59.510Z [Modules] Streaming discord_voice@1 to /home/jerbot/.config/discord/0.0.28/modules/pending/discord_voice-1.zip: 35%
2023-07-25T05:11:59.512Z [Modules] Streaming discord_voice@1 to /home/jerbot/.config/discord/0.0.28/modules/pending/discord_voice-1.zip: 36%
2023-07-25T05:11:59.514Z [Modules] Streaming discord_voice@1 to /home/jerbot/.config/discord/0.0.28/modules/pending/discord_voice-1.zip: 37%
2023-07-25T05:11:59.517Z [Modules] Streaming discord_voice@1 to /home/jerbot/.config/discord/0.0.28/modules/pending/discord_voice-1.zip: 38%
2023-07-25T05:11:59.520Z [Modules] Streaming discord_voice@1 to /home/jerbot/.config/discord/0.0.28/modules/pending/discord_voice-1.zip: 40%
2023-07-25T05:11:59.523Z [Modules] Streaming discord_voice@1 to /home/jerbot/.config/discord/0.0.28/modules/pending/discord_voice-1.zip: 41%
2023-07-25T05:11:59.524Z [Modules] Streaming discord_voice@1 to /home/jerbot/.config/discord/0.0.28/modules/pending/discord_voice-1.zip: 42%
2023-07-25T05:11:59.526Z [Modules] Streaming discord_voice@1 to /home/jerbot/.config/discord/0.0.28/modules/pending/discord_voice-1.zip: 43%
2023-07-25T05:11:59.527Z [Modules] Streaming discord_voice@1 to /home/jerbot/.config/discord/0.0.28/modules/pending/discord_voice-1.zip: 44%
2023-07-25T05:11:59.528Z [Modules] Streaming discord_voice@1 to /home/jerbot/.config/discord/0.0.28/modules/pending/discord_voice-1.zip: 45%
2023-07-25T05:11:59.530Z [Modules] Streaming discord_voice@1 to /home/jerbot/.config/discord/0.0.28/modules/pending/discord_voice-1.zip: 47%
2023-07-25T05:11:59.531Z [Modules] Streaming discord_voice@1 to /home/jerbot/.config/discord/0.0.28/modules/pending/discord_voice-1.zip: 48%
2023-07-25T05:11:59.532Z [Modules] Streaming discord_voice@1 to /home/jerbot/.config/discord/0.0.28/modules/pending/discord_voice-1.zip: 49%
2023-07-25T05:11:59.533Z [Modules] Streaming discord_voice@1 to /home/jerbot/.config/discord/0.0.28/modules/pending/discord_voice-1.zip: 50%
2023-07-25T05:11:59.534Z [Modules] Streaming discord_voice@1 to /home/jerbot/.config/discord/0.0.28/modules/pending/discord_voice-1.zip: 51%
2023-07-25T05:11:59.535Z [Modules] Streaming discord_voice@1 to /home/jerbot/.config/discord/0.0.28/modules/pending/discord_voice-1.zip: 52%
2023-07-25T05:11:59.560Z [Modules] Streaming discord_voice@1 to /home/jerbot/.config/discord/0.0.28/modules/pending/discord_voice-1.zip: 53%
2023-07-25T05:11:59.561Z [Modules] Streaming discord_voice@1 to /home/jerbot/.config/discord/0.0.28/modules/pending/discord_voice-1.zip: 54%
2023-07-25T05:11:59.561Z [Modules] Streaming discord_voice@1 to /home/jerbot/.config/discord/0.0.28/modules/pending/discord_voice-1.zip: 55%
2023-07-25T05:11:59.563Z [Modules] Streaming discord_voice@1 to /home/jerbot/.config/discord/0.0.28/modules/pending/discord_voice-1.zip: 56%
2023-07-25T05:11:59.564Z [Modules] Streaming discord_voice@1 to /home/jerbot/.config/discord/0.0.28/modules/pending/discord_voice-1.zip: 57%
2023-07-25T05:11:59.565Z [Modules] Streaming discord_voice@1 to /home/jerbot/.config/discord/0.0.28/modules/pending/discord_voice-1.zip: 58%
2023-07-25T05:11:59.567Z [Modules] Streaming discord_voice@1 to /home/jerbot/.config/discord/0.0.28/modules/pending/discord_voice-1.zip: 59%
2023-07-25T05:11:59.568Z [Modules] Streaming discord_voice@1 to /home/jerbot/.config/discord/0.0.28/modules/pending/discord_voice-1.zip: 60%
2023-07-25T05:11:59.570Z [Modules] Streaming discord_voice@1 to /home/jerbot/.config/discord/0.0.28/modules/pending/discord_voice-1.zip: 61%
2023-07-25T05:11:59.571Z [Modules] Streaming discord_voice@1 to /home/jerbot/.config/discord/0.0.28/modules/pending/discord_voice-1.zip: 62%
2023-07-25T05:11:59.572Z [Modules] Streaming discord_voice@1 to /home/jerbot/.config/discord/0.0.28/modules/pending/discord_voice-1.zip: 63%
2023-07-25T05:11:59.573Z [Modules] Streaming discord_voice@1 to /home/jerbot/.config/discord/0.0.28/modules/pending/discord_voice-1.zip: 65%
2023-07-25T05:11:59.591Z [Modules] Streaming discord_voice@1 to /home/jerbot/.config/discord/0.0.28/modules/pending/discord_voice-1.zip: 66%
2023-07-25T05:11:59.593Z [Modules] Streaming discord_voice@1 to /home/jerbot/.config/discord/0.0.28/modules/pending/discord_voice-1.zip: 67%
2023-07-25T05:11:59.595Z [Modules] Streaming discord_voice@1 to /home/jerbot/.config/discord/0.0.28/modules/pending/discord_voice-1.zip: 68%
2023-07-25T05:11:59.596Z [Modules] Streaming discord_voice@1 to /home/jerbot/.config/discord/0.0.28/modules/pending/discord_voice-1.zip: 69%
2023-07-25T05:11:59.597Z [Modules] Streaming discord_voice@1 to /home/jerbot/.config/discord/0.0.28/modules/pending/discord_voice-1.zip: 70%
2023-07-25T05:11:59.598Z [Modules] Streaming discord_voice@1 to /home/jerbot/.config/discord/0.0.28/modules/pending/discord_voice-1.zip: 71%
2023-07-25T05:11:59.601Z [Modules] Streaming discord_voice@1 to /home/jerbot/.config/discord/0.0.28/modules/pending/discord_voice-1.zip: 72%
2023-07-25T05:11:59.602Z [Modules] Streaming discord_voice@1 to /home/jerbot/.config/discord/0.0.28/modules/pending/discord_voice-1.zip: 73%
2023-07-25T05:11:59.603Z [Modules] Streaming discord_voice@1 to /home/jerbot/.config/discord/0.0.28/modules/pending/discord_voice-1.zip: 74%
2023-07-25T05:11:59.604Z [Modules] Streaming discord_voice@1 to /home/jerbot/.config/discord/0.0.28/modules/pending/discord_voice-1.zip: 75%
2023-07-25T05:11:59.605Z [Modules] Streaming discord_voice@1 to /home/jerbot/.config/discord/0.0.28/modules/pending/discord_voice-1.zip: 76%
2023-07-25T05:11:59.606Z [Modules] Streaming discord_voice@1 to /home/jerbot/.config/discord/0.0.28/modules/pending/discord_voice-1.zip: 77%
2023-07-25T05:11:59.607Z [Modules] Streaming discord_voice@1 to /home/jerbot/.config/discord/0.0.28/modules/pending/discord_voice-1.zip: 78%
2023-07-25T05:11:59.608Z [Modules] Streaming discord_voice@1 to /home/jerbot/.config/discord/0.0.28/modules/pending/discord_voice-1.zip: 79%
2023-07-25T05:11:59.609Z [Modules] Streaming discord_voice@1 to /home/jerbot/.config/discord/0.0.28/modules/pending/discord_voice-1.zip: 80%
2023-07-25T05:11:59.614Z [Modules] Streaming discord_voice@1 to /home/jerbot/.config/discord/0.0.28/modules/pending/discord_voice-1.zip: 81%
2023-07-25T05:11:59.616Z [Modules] Streaming discord_voice@1 to /home/jerbot/.config/discord/0.0.28/modules/pending/discord_voice-1.zip: 83%
2023-07-25T05:11:59.624Z [Modules] Streaming discord_voice@1 to /home/jerbot/.config/discord/0.0.28/modules/pending/discord_voice-1.zip: 84%
2023-07-25T05:11:59.625Z [Modules] Streaming discord_voice@1 to /home/jerbot/.config/discord/0.0.28/modules/pending/discord_voice-1.zip: 85%
2023-07-25T05:11:59.626Z [Modules] Streaming discord_voice@1 to /home/jerbot/.config/discord/0.0.28/modules/pending/discord_voice-1.zip: 86%
2023-07-25T05:11:59.627Z [Modules] Streaming discord_voice@1 to /home/jerbot/.config/discord/0.0.28/modules/pending/discord_voice-1.zip: 87%
2023-07-25T05:11:59.629Z [Modules] Streaming discord_voice@1 to /home/jerbot/.config/discord/0.0.28/modules/pending/discord_voice-1.zip: 88%
2023-07-25T05:11:59.640Z [Modules] Streaming discord_voice@1 to /home/jerbot/.config/discord/0.0.28/modules/pending/discord_voice-1.zip: 89%
2023-07-25T05:11:59.641Z [Modules] Streaming discord_voice@1 to /home/jerbot/.config/discord/0.0.28/modules/pending/discord_voice-1.zip: 90%
2023-07-25T05:11:59.643Z [Modules] Streaming discord_voice@1 to /home/jerbot/.config/discord/0.0.28/modules/pending/discord_voice-1.zip: 91%
2023-07-25T05:11:59.643Z [Modules] Streaming discord_voice@1 to /home/jerbot/.config/discord/0.0.28/modules/pending/discord_voice-1.zip: 92%
2023-07-25T05:11:59.644Z [Modules] Streaming discord_voice@1 to /home/jerbot/.config/discord/0.0.28/modules/pending/discord_voice-1.zip: 93%
2023-07-25T05:11:59.645Z [Modules] Streaming discord_voice@1 to /home/jerbot/.config/discord/0.0.28/modules/pending/discord_voice-1.zip: 94%
2023-07-25T05:11:59.646Z [Modules] Streaming discord_voice@1 to /home/jerbot/.config/discord/0.0.28/modules/pending/discord_voice-1.zip: 95%
2023-07-25T05:11:59.647Z [Modules] Streaming discord_voice@1 to /home/jerbot/.config/discord/0.0.28/modules/pending/discord_voice-1.zip: 96%
2023-07-25T05:11:59.648Z [Modules] Streaming discord_voice@1 to /home/jerbot/.config/discord/0.0.28/modules/pending/discord_voice-1.zip: 97%
2023-07-25T05:11:59.650Z [Modules] Streaming discord_voice@1 to /home/jerbot/.config/discord/0.0.28/modules/pending/discord_voice-1.zip: 98%
2023-07-25T05:11:59.652Z [Modules] Streaming discord_voice@1 to /home/jerbot/.config/discord/0.0.28/modules/pending/discord_voice-1.zip: 99%
2023-07-25T05:11:59.653Z [Modules] Streaming discord_voice@1 to /home/jerbot/.config/discord/0.0.28/modules/pending/discord_voice-1.zip: 100%
2023-07-25T05:11:59.655Z [Modules] Finished module downloads. [success: 5] [failure: 0]
2023-07-25T05:11:59.655Z [Modules] Installing updates...
2023-07-25T05:11:59.656Z [Modules] Installing discord_desktop_core@1 from /home/jerbot/.config/discord/0.0.28/modules/pending/discord_desktop_core-1.zip
2023-07-25T05:11:59.758Z [Modules] Installing discord_erlpack@1 from /home/jerbot/.config/discord/0.0.28/modules/pending/discord_erlpack-1.zip
2023-07-25T05:11:59.803Z [Modules] Installing discord_spellcheck@1 from /home/jerbot/.config/discord/0.0.28/modules/pending/discord_spellcheck-1.zip
2023-07-25T05:12:00.258Z [Modules] Installing discord_utils@1 from /home/jerbot/.config/discord/0.0.28/modules/pending/discord_utils-1.zip
2023-07-25T05:12:00.526Z [Modules] Installing discord_voice@1 from /home/jerbot/.config/discord/0.0.28/modules/pending/discord_voice-1.zip
2023-07-25T05:12:01.063Z [Modules] Finished module installations. [success: 5] [failure: 0]
2023-07-25T05:12:01.063Z [Modules] Checking for host updates.
2023-07-25T05:12:01.130Z [Modules] Host is up to date.
2023-07-25T05:12:01.130Z [Modules] Checking for module updates at https://discord.com/api/modules/stable/versions.json
2023-07-25T05:12:01.133Z [Modules] No module updates available.
2023-07-25T05:12:02.381Z [Modules] Starting to install discord_krisp...
2023-07-25T05:12:02.381Z [Modules] Fetching discord_krisp@1 from https://discord.com/api/modules/stable/discord_krisp/1
2023-07-25T05:12:02.382Z [Modules] Streaming discord_krisp@1 to /home/jerbot/.config/discord/0.0.28/modules/pending/discord_krisp-1.zip
2023-07-25T05:12:02.395Z [Modules] Starting to install discord_game_utils...
2023-07-25T05:12:02.498Z [Modules] Streaming discord_krisp@1 to /home/jerbot/.config/discord/0.0.28/modules/pending/discord_krisp-1.zip: 1%
2023-07-25T05:12:02.509Z [Modules] Streaming discord_krisp@1 to /home/jerbot/.config/discord/0.0.28/modules/pending/discord_krisp-1.zip: 2%
2023-07-25T05:12:02.510Z [Modules] Streaming discord_krisp@1 to /home/jerbot/.config/discord/0.0.28/modules/pending/discord_krisp-1.zip: 3%
2023-07-25T05:12:02.513Z [Modules] Streaming discord_krisp@1 to /home/jerbot/.config/discord/0.0.28/modules/pending/discord_krisp-1.zip: 4%
2023-07-25T05:12:02.513Z [Modules] Streaming discord_krisp@1 to /home/jerbot/.config/discord/0.0.28/modules/pending/discord_krisp-1.zip: 5%
2023-07-25T05:12:02.514Z [Modules] Streaming discord_krisp@1 to /home/jerbot/.config/discord/0.0.28/modules/pending/discord_krisp-1.zip: 6%
2023-07-25T05:12:02.514Z [Modules] Streaming discord_krisp@1 to /home/jerbot/.config/discord/0.0.28/modules/pending/discord_krisp-1.zip: 7%
2023-07-25T05:12:02.515Z [Modules] Streaming discord_krisp@1 to /home/jerbot/.config/discord/0.0.28/modules/pending/discord_krisp-1.zip: 8%
2023-07-25T05:12:02.518Z [Modules] Streaming discord_krisp@1 to /home/jerbot/.config/discord/0.0.28/modules/pending/discord_krisp-1.zip: 9%
2023-07-25T05:12:02.519Z [Modules] Streaming discord_krisp@1 to /home/jerbot/.config/discord/0.0.28/modules/pending/discord_krisp-1.zip: 10%
2023-07-25T05:12:02.519Z [Modules] Streaming discord_krisp@1 to /home/jerbot/.config/discord/0.0.28/modules/pending/discord_krisp-1.zip: 11%
2023-07-25T05:12:02.520Z [Modules] Streaming discord_krisp@1 to /home/jerbot/.config/discord/0.0.28/modules/pending/discord_krisp-1.zip: 12%
2023-07-25T05:12:02.520Z [Modules] Streaming discord_krisp@1 to /home/jerbot/.config/discord/0.0.28/modules/pending/discord_krisp-1.zip: 13%
2023-07-25T05:12:02.520Z [Modules] Streaming discord_krisp@1 to /home/jerbot/.config/discord/0.0.28/modules/pending/discord_krisp-1.zip: 14%
2023-07-25T05:12:02.523Z [Modules] Streaming discord_krisp@1 to /home/jerbot/.config/discord/0.0.28/modules/pending/discord_krisp-1.zip: 15%
2023-07-25T05:12:02.535Z [Modules] Streaming discord_krisp@1 to /home/jerbot/.config/discord/0.0.28/modules/pending/discord_krisp-1.zip: 16%
2023-07-25T05:12:02.536Z [Modules] Streaming discord_krisp@1 to /home/jerbot/.config/discord/0.0.28/modules/pending/discord_krisp-1.zip: 17%
2023-07-25T05:12:02.540Z [Modules] Streaming discord_krisp@1 to /home/jerbot/.config/discord/0.0.28/modules/pending/discord_krisp-1.zip: 18%
2023-07-25T05:12:02.541Z [Modules] Streaming discord_krisp@1 to /home/jerbot/.config/discord/0.0.28/modules/pending/discord_krisp-1.zip: 19%
2023-07-25T05:12:02.542Z [Modules] Streaming discord_krisp@1 to /home/jerbot/.config/discord/0.0.28/modules/pending/discord_krisp-1.zip: 20%
2023-07-25T05:12:02.543Z [Modules] Streaming discord_krisp@1 to /home/jerbot/.config/discord/0.0.28/modules/pending/discord_krisp-1.zip: 21%
2023-07-25T05:12:02.545Z [Modules] Streaming discord_krisp@1 to /home/jerbot/.config/discord/0.0.28/modules/pending/discord_krisp-1.zip: 22%
2023-07-25T05:12:02.557Z [Modules] Streaming discord_krisp@1 to /home/jerbot/.config/discord/0.0.28/modules/pending/discord_krisp-1.zip: 23%
2023-07-25T05:12:02.558Z [Modules] Streaming discord_krisp@1 to /home/jerbot/.config/discord/0.0.28/modules/pending/discord_krisp-1.zip: 24%
2023-07-25T05:12:02.559Z [Modules] Streaming discord_krisp@1 to /home/jerbot/.config/discord/0.0.28/modules/pending/discord_krisp-1.zip: 25%
2023-07-25T05:12:02.560Z [Modules] Streaming discord_krisp@1 to /home/jerbot/.config/discord/0.0.28/modules/pending/discord_krisp-1.zip: 26%
2023-07-25T05:12:02.560Z [Modules] Streaming discord_krisp@1 to /home/jerbot/.config/discord/0.0.28/modules/pending/discord_krisp-1.zip: 27%
2023-07-25T05:12:02.561Z [Modules] Streaming discord_krisp@1 to /home/jerbot/.config/discord/0.0.28/modules/pending/discord_krisp-1.zip: 28%
2023-07-25T05:12:02.562Z [Modules] Streaming discord_krisp@1 to /home/jerbot/.config/discord/0.0.28/modules/pending/discord_krisp-1.zip: 29%
2023-07-25T05:12:02.570Z [Modules] Streaming discord_krisp@1 to /home/jerbot/.config/discord/0.0.28/modules/pending/discord_krisp-1.zip: 30%
2023-07-25T05:12:02.577Z [Modules] Streaming discord_krisp@1 to /home/jerbot/.config/discord/0.0.28/modules/pending/discord_krisp-1.zip: 31%
2023-07-25T05:12:02.652Z [Modules] Streaming discord_krisp@1 to /home/jerbot/.config/discord/0.0.28/modules/pending/discord_krisp-1.zip: 32%
2023-07-25T05:12:02.698Z [Modules] Streaming discord_krisp@1 to /home/jerbot/.config/discord/0.0.28/modules/pending/discord_krisp-1.zip: 33%
2023-07-25T05:12:02.718Z [Modules] Streaming discord_krisp@1 to /home/jerbot/.config/discord/0.0.28/modules/pending/discord_krisp-1.zip: 34%
2023-07-25T05:12:02.726Z [Modules] Streaming discord_krisp@1 to /home/jerbot/.config/discord/0.0.28/modules/pending/discord_krisp-1.zip: 35%
2023-07-25T05:12:02.734Z [Modules] Streaming discord_krisp@1 to /home/jerbot/.config/discord/0.0.28/modules/pending/discord_krisp-1.zip: 36%
2023-07-25T05:12:02.742Z [Modules] Streaming discord_krisp@1 to /home/jerbot/.config/discord/0.0.28/modules/pending/discord_krisp-1.zip: 37%
2023-07-25T05:12:02.749Z [Modules] Streaming discord_krisp@1 to /home/jerbot/.config/discord/0.0.28/modules/pending/discord_krisp-1.zip: 38%
2023-07-25T05:12:02.755Z [Modules] Streaming discord_krisp@1 to /home/jerbot/.config/discord/0.0.28/modules/pending/discord_krisp-1.zip: 39%
2023-07-25T05:12:02.759Z [Modules] Streaming discord_krisp@1 to /home/jerbot/.config/discord/0.0.28/modules/pending/discord_krisp-1.zip: 40%
2023-07-25T05:12:02.764Z [Modules] Streaming discord_krisp@1 to /home/jerbot/.config/discord/0.0.28/modules/pending/discord_krisp-1.zip: 41%
2023-07-25T05:12:02.766Z [Modules] Streaming discord_krisp@1 to /home/jerbot/.config/discord/0.0.28/modules/pending/discord_krisp-1.zip: 42%
2023-07-25T05:12:02.769Z [Modules] Streaming discord_krisp@1 to /home/jerbot/.config/discord/0.0.28/modules/pending/discord_krisp-1.zip: 43%
2023-07-25T05:12:02.774Z [Modules] Streaming discord_krisp@1 to /home/jerbot/.config/discord/0.0.28/modules/pending/discord_krisp-1.zip: 44%
2023-07-25T05:12:02.777Z [Modules] Streaming discord_krisp@1 to /home/jerbot/.config/discord/0.0.28/modules/pending/discord_krisp-1.zip: 45%
2023-07-25T05:12:02.780Z [Modules] Streaming discord_krisp@1 to /home/jerbot/.config/discord/0.0.28/modules/pending/discord_krisp-1.zip: 46%
2023-07-25T05:12:02.783Z [Modules] Streaming discord_krisp@1 to /home/jerbot/.config/discord/0.0.28/modules/pending/discord_krisp-1.zip: 47%
2023-07-25T05:12:02.784Z [Modules] Streaming discord_krisp@1 to /home/jerbot/.config/discord/0.0.28/modules/pending/discord_krisp-1.zip: 48%
2023-07-25T05:12:02.787Z [Modules] Streaming discord_krisp@1 to /home/jerbot/.config/discord/0.0.28/modules/pending/discord_krisp-1.zip: 49%
2023-07-25T05:12:02.789Z [Modules] Streaming discord_krisp@1 to /home/jerbot/.config/discord/0.0.28/modules/pending/discord_krisp-1.zip: 50%
2023-07-25T05:12:02.792Z [Modules] Streaming discord_krisp@1 to /home/jerbot/.config/discord/0.0.28/modules/pending/discord_krisp-1.zip: 51%
2023-07-25T05:12:02.792Z [Modules] Streaming discord_krisp@1 to /home/jerbot/.config/discord/0.0.28/modules/pending/discord_krisp-1.zip: 52%
2023-07-25T05:12:02.793Z [Modules] Streaming discord_krisp@1 to /home/jerbot/.config/discord/0.0.28/modules/pending/discord_krisp-1.zip: 53%
2023-07-25T05:12:02.793Z [Modules] Streaming discord_krisp@1 to /home/jerbot/.config/discord/0.0.28/modules/pending/discord_krisp-1.zip: 54%
2023-07-25T05:12:02.800Z [Modules] Streaming discord_krisp@1 to /home/jerbot/.config/discord/0.0.28/modules/pending/discord_krisp-1.zip: 55%
2023-07-25T05:12:02.802Z [Modules] Streaming discord_krisp@1 to /home/jerbot/.config/discord/0.0.28/modules/pending/discord_krisp-1.zip: 63%
2023-07-25T05:12:02.803Z [Modules] Streaming discord_krisp@1 to /home/jerbot/.config/discord/0.0.28/modules/pending/discord_krisp-1.zip: 64%
2023-07-25T05:12:02.814Z [Modules] Streaming discord_krisp@1 to /home/jerbot/.config/discord/0.0.28/modules/pending/discord_krisp-1.zip: 65%
2023-07-25T05:12:02.815Z [Modules] Streaming discord_krisp@1 to /home/jerbot/.config/discord/0.0.28/modules/pending/discord_krisp-1.zip: 66%
2023-07-25T05:12:02.817Z [Modules] Streaming discord_krisp@1 to /home/jerbot/.config/discord/0.0.28/modules/pending/discord_krisp-1.zip: 67%
2023-07-25T05:12:02.828Z [Modules] Streaming discord_krisp@1 to /home/jerbot/.config/discord/0.0.28/modules/pending/discord_krisp-1.zip: 68%
2023-07-25T05:12:02.829Z [Modules] Streaming discord_krisp@1 to /home/jerbot/.config/discord/0.0.28/modules/pending/discord_krisp-1.zip: 69%
2023-07-25T05:12:02.831Z [Modules] Streaming discord_krisp@1 to /home/jerbot/.config/discord/0.0.28/modules/pending/discord_krisp-1.zip: 70%
2023-07-25T05:12:02.831Z [Modules] Streaming discord_krisp@1 to /home/jerbot/.config/discord/0.0.28/modules/pending/discord_krisp-1.zip: 71%
2023-07-25T05:12:02.832Z [Modules] Streaming discord_krisp@1 to /home/jerbot/.config/discord/0.0.28/modules/pending/discord_krisp-1.zip: 72%
2023-07-25T05:12:02.832Z [Modules] Streaming discord_krisp@1 to /home/jerbot/.config/discord/0.0.28/modules/pending/discord_krisp-1.zip: 73%
2023-07-25T05:12:02.833Z [Modules] Streaming discord_krisp@1 to /home/jerbot/.config/discord/0.0.28/modules/pending/discord_krisp-1.zip: 74%
2023-07-25T05:12:02.834Z [Modules] Streaming discord_krisp@1 to /home/jerbot/.config/discord/0.0.28/modules/pending/discord_krisp-1.zip: 75%
2023-07-25T05:12:02.834Z [Modules] Streaming discord_krisp@1 to /home/jerbot/.config/discord/0.0.28/modules/pending/discord_krisp-1.zip: 76%
2023-07-25T05:12:02.836Z [Modules] Streaming discord_krisp@1 to /home/jerbot/.config/discord/0.0.28/modules/pending/discord_krisp-1.zip: 77%
2023-07-25T05:12:02.838Z [Modules] Streaming discord_krisp@1 to /home/jerbot/.config/discord/0.0.28/modules/pending/discord_krisp-1.zip: 78%
2023-07-25T05:12:02.841Z [Modules] Streaming discord_krisp@1 to /home/jerbot/.config/discord/0.0.28/modules/pending/discord_krisp-1.zip: 79%
2023-07-25T05:12:02.852Z [Modules] Streaming discord_krisp@1 to /home/jerbot/.config/discord/0.0.28/modules/pending/discord_krisp-1.zip: 80%
2023-07-25T05:12:02.854Z [Modules] Streaming discord_krisp@1 to /home/jerbot/.config/discord/0.0.28/modules/pending/discord_krisp-1.zip: 81%
2023-07-25T05:12:02.856Z [Modules] Streaming discord_krisp@1 to /home/jerbot/.config/discord/0.0.28/modules/pending/discord_krisp-1.zip: 82%
2023-07-25T05:12:02.868Z [Modules] Streaming discord_krisp@1 to /home/jerbot/.config/discord/0.0.28/modules/pending/discord_krisp-1.zip: 83%
2023-07-25T05:12:02.869Z [Modules] Streaming discord_krisp@1 to /home/jerbot/.config/discord/0.0.28/modules/pending/discord_krisp-1.zip: 84%
2023-07-25T05:12:02.869Z [Modules] Streaming discord_krisp@1 to /home/jerbot/.config/discord/0.0.28/modules/pending/discord_krisp-1.zip: 85%
2023-07-25T05:12:02.869Z [Modules] Streaming discord_krisp@1 to /home/jerbot/.config/discord/0.0.28/modules/pending/discord_krisp-1.zip: 86%
2023-07-25T05:12:02.874Z [Modules] Streaming discord_krisp@1 to /home/jerbot/.config/discord/0.0.28/modules/pending/discord_krisp-1.zip: 87%
2023-07-25T05:12:02.875Z [Modules] Streaming discord_krisp@1 to /home/jerbot/.config/discord/0.0.28/modules/pending/discord_krisp-1.zip: 89%
2023-07-25T05:12:02.876Z [Modules] Streaming discord_krisp@1 to /home/jerbot/.config/discord/0.0.28/modules/pending/discord_krisp-1.zip: 91%
2023-07-25T05:12:02.877Z [Modules] Streaming discord_krisp@1 to /home/jerbot/.config/discord/0.0.28/modules/pending/discord_krisp-1.zip: 93%
2023-07-25T05:12:02.880Z [Modules] Streaming discord_krisp@1 to /home/jerbot/.config/discord/0.0.28/modules/pending/discord_krisp-1.zip: 94%
2023-07-25T05:12:02.890Z [Modules] Streaming discord_krisp@1 to /home/jerbot/.config/discord/0.0.28/modules/pending/discord_krisp-1.zip: 95%
2023-07-25T05:12:02.894Z [Modules] Streaming discord_krisp@1 to /home/jerbot/.config/discord/0.0.28/modules/pending/discord_krisp-1.zip: 96%
2023-07-25T05:12:02.895Z [Modules] Streaming discord_krisp@1 to /home/jerbot/.config/discord/0.0.28/modules/pending/discord_krisp-1.zip: 97%
2023-07-25T05:12:02.898Z [Modules] Streaming discord_krisp@1 to /home/jerbot/.config/discord/0.0.28/modules/pending/discord_krisp-1.zip: 98%
2023-07-25T05:12:02.902Z [Modules] Streaming discord_krisp@1 to /home/jerbot/.config/discord/0.0.28/modules/pending/discord_krisp-1.zip: 99%
2023-07-25T05:12:02.903Z [Modules] Streaming discord_krisp@1 to /home/jerbot/.config/discord/0.0.28/modules/pending/discord_krisp-1.zip: 100%
2023-07-25T05:12:02.904Z [Modules] Fetching discord_game_utils@1 from https://discord.com/api/modules/stable/discord_game_utils/1
2023-07-25T05:12:02.904Z [Modules] Streaming discord_game_utils@1 to /home/jerbot/.config/discord/0.0.28/modules/pending/discord_game_utils-1.zip
2023-07-25T05:12:02.904Z [Modules] Installing discord_krisp@1 from /home/jerbot/.config/discord/0.0.28/modules/pending/discord_krisp-1.zip
2023-07-25T05:12:03.001Z [Modules] Streaming discord_game_utils@1 to /home/jerbot/.config/discord/0.0.28/modules/pending/discord_game_utils-1.zip: 2%
2023-07-25T05:12:03.003Z [Modules] Streaming discord_game_utils@1 to /home/jerbot/.config/discord/0.0.28/modules/pending/discord_game_utils-1.zip: 5%
2023-07-25T05:12:03.003Z [Modules] Streaming discord_game_utils@1 to /home/jerbot/.config/discord/0.0.28/modules/pending/discord_game_utils-1.zip: 7%
2023-07-25T05:12:03.015Z [Modules] Streaming discord_game_utils@1 to /home/jerbot/.config/discord/0.0.28/modules/pending/discord_game_utils-1.zip: 10%
2023-07-25T05:12:03.015Z [Modules] Streaming discord_game_utils@1 to /home/jerbot/.config/discord/0.0.28/modules/pending/discord_game_utils-1.zip: 13%
2023-07-25T05:12:03.016Z [Modules] Streaming discord_game_utils@1 to /home/jerbot/.config/discord/0.0.28/modules/pending/discord_game_utils-1.zip: 16%
2023-07-25T05:12:03.016Z [Modules] Streaming discord_game_utils@1 to /home/jerbot/.config/discord/0.0.28/modules/pending/discord_game_utils-1.zip: 19%
2023-07-25T05:12:03.018Z [Modules] Streaming discord_game_utils@1 to /home/jerbot/.config/discord/0.0.28/modules/pending/discord_game_utils-1.zip: 24%
2023-07-25T05:12:03.019Z [Modules] Streaming discord_game_utils@1 to /home/jerbot/.config/discord/0.0.28/modules/pending/discord_game_utils-1.zip: 30%
2023-07-25T05:12:03.019Z [Modules] Streaming discord_game_utils@1 to /home/jerbot/.config/discord/0.0.28/modules/pending/discord_game_utils-1.zip: 35%
2023-07-25T05:12:03.019Z [Modules] Streaming discord_game_utils@1 to /home/jerbot/.config/discord/0.0.28/modules/pending/discord_game_utils-1.zip: 38%
2023-07-25T05:12:03.020Z [Modules] Streaming discord_game_utils@1 to /home/jerbot/.config/discord/0.0.28/modules/pending/discord_game_utils-1.zip: 40%
2023-07-25T05:12:03.020Z [Modules] Streaming discord_game_utils@1 to /home/jerbot/.config/discord/0.0.28/modules/pending/discord_game_utils-1.zip: 46%
2023-07-25T05:12:03.020Z [Modules] Streaming discord_game_utils@1 to /home/jerbot/.config/discord/0.0.28/modules/pending/discord_game_utils-1.zip: 51%
2023-07-25T05:12:03.020Z [Modules] Streaming discord_game_utils@1 to /home/jerbot/.config/discord/0.0.28/modules/pending/discord_game_utils-1.zip: 54%
2023-07-25T05:12:03.021Z [Modules] Streaming discord_game_utils@1 to /home/jerbot/.config/discord/0.0.28/modules/pending/discord_game_utils-1.zip: 56%
2023-07-25T05:12:03.021Z [Modules] Streaming discord_game_utils@1 to /home/jerbot/.config/discord/0.0.28/modules/pending/discord_game_utils-1.zip: 62%
2023-07-25T05:12:03.021Z [Modules] Streaming discord_game_utils@1 to /home/jerbot/.config/discord/0.0.28/modules/pending/discord_game_utils-1.zip: 67%
2023-07-25T05:12:03.022Z [Modules] Streaming discord_game_utils@1 to /home/jerbot/.config/discord/0.0.28/modules/pending/discord_game_utils-1.zip: 70%
2023-07-25T05:12:03.022Z [Modules] Streaming discord_game_utils@1 to /home/jerbot/.config/discord/0.0.28/modules/pending/discord_game_utils-1.zip: 72%
2023-07-25T05:12:03.022Z [Modules] Streaming discord_game_utils@1 to /home/jerbot/.config/discord/0.0.28/modules/pending/discord_game_utils-1.zip: 78%
2023-07-25T05:12:03.022Z [Modules] Streaming discord_game_utils@1 to /home/jerbot/.config/discord/0.0.28/modules/pending/discord_game_utils-1.zip: 85%
2023-07-25T05:12:03.023Z [Modules] Streaming discord_game_utils@1 to /home/jerbot/.config/discord/0.0.28/modules/pending/discord_game_utils-1.zip: 96%
2023-07-25T05:12:03.023Z [Modules] Streaming discord_game_utils@1 to /home/jerbot/.config/discord/0.0.28/modules/pending/discord_game_utils-1.zip: 100%
2023-07-25T05:12:03.083Z [Modules] Finished module downloads. [success: 2] [failure: 0]
2023-07-25T05:12:03.335Z [Modules] Installing discord_game_utils@1 from /home/jerbot/.config/discord/0.0.28/modules/pending/discord_game_utils-1.zip
2023-07-25T05:12:03.383Z [Modules] Finished module installations. [success: 2] [failure: 0]
2023-07-25T05:12:03.593Z [Modules] Checking for host updates.
2023-07-25T05:12:03.664Z [Modules] Host is up to date.
2023-07-25T05:12:03.664Z [Modules] Checking for module updates at https://discord.com/api/modules/stable/versions.json
2023-07-25T05:12:03.671Z [Modules] No module updates available.
2023-07-25T05:12:03.800Z [Modules] Starting to install discord_rpc...
2023-07-25T05:12:03.800Z [Modules] Fetching discord_rpc@1 from https://discord.com/api/modules/stable/discord_rpc/1
2023-07-25T05:12:03.800Z [Modules] Streaming discord_rpc@1 to /home/jerbot/.config/discord/0.0.28/modules/pending/discord_rpc-1.zip
2023-07-25T05:12:03.889Z [Modules] Streaming discord_rpc@1 to /home/jerbot/.config/discord/0.0.28/modules/pending/discord_rpc-1.zip: 100%
2023-07-25T05:12:04.033Z [Modules] Finished module downloads. [success: 1] [failure: 0]
2023-07-25T05:12:04.034Z [Modules] Installing discord_rpc@1 from /home/jerbot/.config/discord/0.0.28/modules/pending/discord_rpc-1.zip
2023-07-25T05:12:04.044Z [Modules] Finished module installations. [success: 1] [failure: 0]
2023-07-25T05:12:24.810Z [Modules] Modules initializing
2023-07-25T05:12:24.811Z [Modules] Distribution: remote
2023-07-25T05:12:24.811Z [Modules] Host updates: enabled
2023-07-25T05:12:24.811Z [Modules] Module updates: enabled
2023-07-25T05:12:24.811Z [Modules] Module install path: /home/jerbot/.config/discord/0.0.28/modules
2023-07-25T05:12:24.811Z [Modules] Module installed file path: /home/jerbot/.config/discord/0.0.28/modules/installed.json
2023-07-25T05:12:24.811Z [Modules] Module download path: /home/jerbot/.config/discord/0.0.28/modules/pending
2023-07-25T05:12:24.950Z [Modules] No updates to install
2023-07-25T05:12:24.951Z [Modules] Checking for host updates.
2023-07-25T05:12:25.057Z [Modules] Host is up to date.
2023-07-25T05:12:25.057Z [Modules] Checking for module updates at https://discord.com/api/modules/stable/versions.json
2023-07-25T05:12:25.059Z [Modules] No module updates available.
2023-07-25T05:12:28.013Z [Modules] Checking for host updates.
2023-07-25T05:12:28.073Z [Modules] Host is up to date.
2023-07-25T05:12:28.073Z [Modules] Checking for module updates at https://discord.com/api/modules/stable/versions.json
2023-07-25T05:12:28.075Z [Modules] No module updates available.
2023-07-25T06:12:28.018Z [Modules] Checking for host updates.
2023-07-25T06:12:28.090Z [Modules] Host is up to date.
2023-07-25T06:12:28.090Z [Modules] Checking for module updates at https://discord.com/api/modules/stable/versions.json
2023-07-25T06:12:28.115Z [Modules] No module updates available.
2023-07-25T07:12:28.018Z [Modules] Checking for host updates.
2023-07-25T07:12:28.126Z [Modules] Host is up to date.
2023-07-25T07:12:28.127Z [Modules] Checking for module updates at https://discord.com/api/modules/stable/versions.json
2023-07-25T07:12:28.156Z [Modules] No module updates available.
2023-07-25T08:12:28.018Z [Modules] Checking for host updates.
2023-07-25T08:12:28.092Z [Modules] Host is up to date.
2023-07-25T08:12:28.093Z [Modules] Checking for module updates at https://discord.com/api/modules/stable/versions.json
2023-07-25T08:12:28.118Z [Modules] No module updates available.
2023-07-25T09:12:28.018Z [Modules] Checking for host updates.
2023-07-25T09:12:28.107Z [Modules] Host is up to date.
2023-07-25T09:12:28.107Z [Modules] Checking for module updates at https://discord.com/api/modules/stable/versions.json
2023-07-25T09:12:28.130Z [Modules] No module updates available.
2023-07-25T10:12:28.018Z [Modules] Checking for host updates.
2023-07-25T10:12:28.088Z [Modules] Host is up to date.
2023-07-25T10:12:28.088Z [Modules] Checking for module updates at https://discord.com/api/modules/stable/versions.json
2023-07-25T10:12:28.113Z [Modules] No module updates available.
2023-07-25T11:12:28.018Z [Modules] Checking for host updates.
2023-07-25T11:12:28.093Z [Modules] Host is up to date.
2023-07-25T11:12:28.093Z [Modules] Checking for module updates at https://discord.com/api/modules/stable/versions.json
2023-07-25T11:12:28.161Z [Modules] No module updates available.
2023-07-25T12:12:28.018Z [Modules] Checking for host updates.
2023-07-25T12:12:28.091Z [Modules] Host is up to date.
2023-07-25T12:12:28.091Z [Modules] Checking for module updates at https://discord.com/api/modules/stable/versions.json
2023-07-25T12:12:28.119Z [Modules] No module updates available.
2023-07-28T04:28:26.943Z [Modules] Modules initializing
2023-07-28T04:28:26.945Z [Modules] Distribution: remote
2023-07-28T04:28:26.945Z [Modules] Host updates: enabled
2023-07-28T04:28:26.945Z [Modules] Module updates: enabled
2023-07-28T04:28:26.945Z [Modules] Module install path: /home/jerbot/.config/discord/0.0.28/modules
2023-07-28T04:28:26.945Z [Modules] Module installed file path: /home/jerbot/.config/discord/0.0.28/modules/installed.json
2023-07-28T04:28:26.946Z [Modules] Module download path: /home/jerbot/.config/discord/0.0.28/modules/pending
2023-07-28T04:28:27.162Z [Modules] No updates to install
2023-07-28T04:28:27.162Z [Modules] Checking for host updates.
2023-07-28T04:28:27.261Z [Modules] Host is up to date.
2023-07-28T04:28:27.262Z [Modules] Checking for module updates at https://discord.com/api/modules/stable/versions.json
2023-07-28T04:28:27.306Z [Modules] No module updates available.
2023-07-28T04:28:29.744Z [Modules] Checking for host updates.
2023-07-28T04:28:29.804Z [Modules] Host is up to date.
2023-07-28T04:28:29.804Z [Modules] Checking for module updates at https://discord.com/api/modules/stable/versions.json
2023-07-28T04:28:29.807Z [Modules] No module updates available.
2023-07-28T04:28:43.730Z [Modules] Modules initializing
2023-07-28T04:28:43.730Z [Modules] Distribution: remote
2023-07-28T04:28:43.730Z [Modules] Host updates: enabled
2023-07-28T04:28:43.731Z [Modules] Module updates: enabled
2023-07-28T04:28:43.731Z [Modules] Module install path: /home/jerbot/.config/discord/0.0.28/modules
2023-07-28T04:28:43.731Z [Modules] Module installed file path: /home/jerbot/.config/discord/0.0.28/modules/installed.json
2023-07-28T04:28:43.731Z [Modules] Module download path: /home/jerbot/.config/discord/0.0.28/modules/pending
2023-07-28T04:28:43.876Z [Modules] No updates to install
2023-07-28T04:28:43.876Z [Modules] Checking for host updates.
2023-07-28T04:28:43.971Z [Modules] Host is up to date.
2023-07-28T04:28:43.971Z [Modules] Checking for module updates at https://discord.com/api/modules/stable/versions.json
2023-07-28T04:28:43.973Z [Modules] No module updates available.
2023-07-28T04:28:46.421Z [Modules] Checking for host updates.
2023-07-28T04:28:46.512Z [Modules] Host is up to date.
2023-07-28T04:28:46.513Z [Modules] Checking for module updates at https://discord.com/api/modules/stable/versions.json
2023-07-28T04:28:46.515Z [Modules] No module updates available.
